<?xml version="1.0" encoding="UTF-8"?>
<!-- Generated by org.testng.reporters.JUnitReportReporter -->
<testsuite hostname="DaRKwARL0rD" name="com.scripbox.goibibo.tests.checkWebPageElements" tests="1" failures="0" timestamp="4 Jul 2019 16:52:50 GMT" time="0.720" errors="0">
  <testcase name="checkElements" time="0.720" classname="com.scripbox.goibibo.tests.checkWebPageElements"/>
</testsuite> <!-- com.scripbox.goibibo.tests.checkWebPageElements -->
