<?xml version="1.0" encoding="UTF-8"?>
<!-- Generated by org.testng.reporters.JUnitReportReporter -->
<testsuite hostname="DaRKwARL0rD" name="com.scripbox.goibibo.tests.NewTest" tests="1" failures="0" timestamp="4 Jul 2019 13:47:33 GMT" time="0.008" errors="0">
  <testcase name="f" time="0.008" classname="com.scripbox.goibibo.tests.NewTest"/>
</testsuite> <!-- com.scripbox.goibibo.tests.NewTest -->
